<?xml version="1.0" encoding="UTF-8"?>
<testsuite name="com.bridgelabz.LinkedListTest" tests="2" skipped="0" failures="0" errors="0" timestamp="2021-06-11T10:42:09" hostname="SHWETA29" time="0.019">
  <properties/>
  <testcase name="given3NumbersWhenAddedToLinkedListShouldBeAddedToLast" classname="com.bridgelabz.LinkedListTest" time="0.016"/>
  <testcase name="givenThreeNumber_whenAddedToLinkedListShouldNeAddedToTheTop" classname="com.bridgelabz.LinkedListTest" time="0.001"/>
  <system-out><![CDATA[Print statement
My Nodes are: 56->30->70
Print statement
My Nodes are: 70->30->56
]]></system-out>
  <system-err><![CDATA[]]></system-err>
</testsuite>
