<?xml version="1.0" encoding="UTF-8"?>
<testsuite name="com.bridgelabz.LinkedListTest" tests="8" skipped="0" failures="0" errors="0" timestamp="2021-06-11T18:35:28" hostname="SHWETA29" time="0.016">
  <properties/>
  <testcase name="PopNodeFromLast_ShouldReturnTrue" classname="com.bridgelabz.LinkedListTest" time="0.008"/>
  <testcase name="PopNodeFromFront_ShouldReturnTrue" classname="com.bridgelabz.LinkedListTest" time="0.001"/>
  <testcase name="SearchNodeForGivenDataIfFound_ShouldReturnTrue" classname="com.bridgelabz.LinkedListTest" time="0.0"/>
  <testcase name="GivenANodeInsertedInBetweenResultingNodes_ShouldReturnTrue" classname="com.bridgelabz.LinkedListTest" time="0.0"/>
  <testcase name="GivenThreeNumbers_WhenAddedToLinkedList_ShouldAddedtoBottom" classname="com.bridgelabz.LinkedListTest" time="0.0"/>
  <testcase name="SearchDataNodeForGivenDataIfFound_ShouldInsertGivenNodeAndReturnTrue" classname="com.bridgelabz.LinkedListTest" time="0.0"/>
  <testcase name="DeleteNodeFromLinkedlistIfDeletedShouldReturnSizeAndReturnTrue" classname="com.bridgelabz.LinkedListTest" time="0.0"/>
  <testcase name="GivenThreeNumbers_WhenAddedToLinkedList_ShouldBeAddedtoTop" classname="com.bridgelabz.LinkedListTest" time="0.0"/>
  <system-out><![CDATA[]]></system-out>
  <system-err><![CDATA[]]></system-err>
</testsuite>
